#
# A fatal error has been detected by the Java Runtime Environment:
#
#  Internal Error (javaCalls.cpp:51), pid=13915, tid=0x00007fafc2358700
#  guarantee(thread->is_Java_thread()) failed: crucial check - the VM thread cannot and must not escape to Java code
#
# JRE version: Java(TM) SE Runtime Environment (8.0_181-b13) (build 1.8.0_181-b13)
# Java VM: Java HotSpot(TM) 64-Bit Server VM (25.181-b13 mixed mode linux-amd64 compressed oops)
# Failed to write core dump. Core dumps have been disabled. To enable core dumping, try "ulimit -c unlimited" before starting Java again
#
# If you would like to submit a bug report, please visit:
#   http://bugreport.java.com/bugreport/crash.jsp
#

---------------  T H R E A D  ---------------

Current thread (0x00007fafdc143800):  VMThread [stack: 0x00007fafc2259000,0x00007fafc2359000] [id=13928]

Stack: [0x00007fafc2259000,0x00007fafc2359000],  sp=0x00007fafc2356230,  free space=1012k
Native frames: (J=compiled Java code, j=interpreted, Vv=VM code, C=native code)
V  [libjvm.so+0xad21aa]  VMError::report_and_die()+0x2ba
V  [libjvm.so+0x501a32]  report_vm_error(char const*, int, char const*, char const*)+0x62
V  [libjvm.so+0x6965d7]  JavaCallWrapper::JavaCallWrapper(methodHandle, Handle, JavaValue*, Thread*)+0x267
V  [libjvm.so+0x6972a4]  JavaCalls::call_helper(JavaValue*, methodHandle*, JavaCallArguments*, Thread*)+0x884
V  [libjvm.so+0x698e31]  JavaCalls::call_special(JavaValue*, KlassHandle, Symbol*, Symbol*, JavaCallArguments*, Thread*)+0x2d1
V  [libjvm.so+0x5855fa]  Exceptions::new_exception(Thread*, Symbol*, Symbol*, JavaCallArguments*, Handle, Handle)+0x17a
V  [libjvm.so+0x5856b2]  Exceptions::new_exception(Thread*, Symbol*, Symbol*, JavaCallArguments*, Handle, Handle, Handle)+0x22
V  [libjvm.so+0x585c61]  Exceptions::new_exception(Thread*, Symbol*, char const*, Handle, Handle, Handle, Exceptions::ExceptionMsgToUtf8Mode)+0x1d1
V  [libjvm.so+0x585cf8]  Exceptions::new_exception(Thread*, Symbol*, char const*, Exceptions::ExceptionMsgToUtf8Mode)+0x18
V  [libjvm.so+0x5f3d6b]  GenerateOopMap::verify_error(char const*, ...)+0x8b
V  [libjvm.so+0x5fbf21]  GenerateOopMap::init_basic_blocks()+0x571
V  [libjvm.so+0x5fc0f5]  GenerateOopMap::do_interpretation()+0x55
V  [libjvm.so+0x5fc5cd]  GenerateOopMap::compute_map(Thread*)+0x34d
V  [libjvm.so+0x91fcd4]  OopMapForCacheEntry::compute_map(Thread*)+0xb4
V  [libjvm.so+0x921a92]  OopMapCacheEntry::fill(methodHandle, int)+0x2d2
V  [libjvm.so+0x922244]  OopMapCache::compute_one_oop_map(methodHandle, int, InterpreterOopMap*)+0x124
V  [libjvm.so+0x922bee]  OopMapCache::lookup(methodHandle, int, InterpreterOopMap*) const+0x6de
V  [libjvm.so+0x64ab92]  InstanceKlass::mask_for(methodHandle, int, InterpreterOopMap*)+0x82
V  [libjvm.so+0x8bd3fd]  Method::mask_for(int, InterpreterOopMap*)+0x9d
V  [libjvm.so+0x7affb4]  VM_GetOrSetLocal::doit()+0x54
V  [libjvm.so+0xadb745]  VM_Operation::evaluate()+0x55
V  [libjvm.so+0xad9b0a]  VMThread::evaluate_operation(VM_Operation*)+0xba
V  [libjvm.so+0xad9e8e]  VMThread::loop()+0x1ce
V  [libjvm.so+0xada300]  VMThread::run()+0x70
V  [libjvm.so+0x930198]  java_start(Thread*)+0x108

VM_Operation (0x00007fafc1d4f840): GetOrSetLocal, mode: safepoint, requested by thread 0x00007fafdc18e000


---------------  P R O C E S S  ---------------

Java Threads: ( => current thread )
  0x00007fafdc2fe800 JavaThread "Service Thread" daemon [_thread_blocked, id=13945, stack(0x00007fafc164a000,0x00007fafc174b000)]
  0x00007fafdc240000 JavaThread "C1 CompilerThread2" daemon [_thread_blocked, id=13944, stack(0x00007fafc174c000,0x00007fafc184c000)]
  0x00007fafdc23e000 JavaThread "C2 CompilerThread1" daemon [_thread_blocked, id=13943, stack(0x00007fafc184d000,0x00007fafc194d000)]
  0x00007fafdc2a7800 JavaThread "C2 CompilerThread0" daemon [_thread_blocked, id=13942, stack(0x00007fafc194e000,0x00007fafc1a4e000)]
  0x00007fafa0001000 JavaThread "JDWP Command Reader" daemon [_thread_in_native, id=13938, stack(0x00007fafc1a4e000,0x00007fafc1b4f000)]
  0x00007fafdc191800 JavaThread "JDWP Event Helper Thread" daemon [_thread_blocked, id=13937, stack(0x00007fafc1b4f000,0x00007fafc1c50000)]
  0x00007fafdc18e000 JavaThread "JDWP Transport Listener: dt_socket" daemon [_thread_blocked, id=13934, stack(0x00007fafc1c50000,0x00007fafc1d51000)]
  0x00007fafdc182000 JavaThread "Signal Dispatcher" daemon [_thread_blocked, id=13932, stack(0x00007fafc1f55000,0x00007fafc2056000)]
  0x00007fafdc14f800 JavaThread "Finalizer" daemon [_thread_blocked, id=13930, stack(0x00007fafc2056000,0x00007fafc2157000)]
  0x00007fafdc14d000 JavaThread "Reference Handler" daemon [_thread_blocked, id=13929, stack(0x00007fafc2157000,0x00007fafc2258000)]
  0x00007fafdc00e000 JavaThread "main" [_thread_blocked, id=13922, stack(0x00007fafe3aab000,0x00007fafe3bab000)]

Other Threads:
=>0x00007fafdc143800 VMThread [stack: 0x00007fafc2259000,0x00007fafc2359000] [id=13928]
  0x00007fafdc294800 WatcherThread [stack: 0x00007fafc154a000,0x00007fafc164a000] [id=13946]

VM state:at safepoint (normal execution)

VM Mutex/Monitor currently owned by a thread:  ([mutex/lock_event])
[0x00007fafdc00a9d0] Threads_lock - owner thread: 0x00007fafdc143800

Heap:
 PSYoungGen      total 35840K, used 6772K [0x00000000d8180000, 0x00000000da980000, 0x0000000100000000)
  eden space 30720K, 22% used [0x00000000d8180000,0x00000000d881d340,0x00000000d9f80000)
  from space 5120K, 0% used [0x00000000da480000,0x00000000da480000,0x00000000da980000)
  to   space 5120K, 0% used [0x00000000d9f80000,0x00000000d9f80000,0x00000000da480000)
 ParOldGen       total 81920K, used 0K [0x0000000088400000, 0x000000008d400000, 0x00000000d8180000)
  object space 81920K, 0% used [0x0000000088400000,0x0000000088400000,0x000000008d400000)
 Metaspace       used 5473K, capacity 5586K, committed 5760K, reserved 1056768K
  class space    used 589K, capacity 625K, committed 640K, reserved 1048576K

Card table byte_map: [0x00007fafcc239000,0x00007fafcc5f8000] byte_map_base: 0x00007fafcbdf7000

Marking Bits: (ParMarkBitMap*) 0x00007fafe2f4e0a0
 Begin Bits: [0x00007fafc80d7000, 0x00007fafc9ec7000)
 End Bits:   [0x00007fafc9ec7000, 0x00007fafcbcb7000)

Polling page: 0x00007fafe3bcb000

CodeCache: size=245760Kb used=1414Kb max_used=1414Kb free=244345Kb
 bounds [0x00007fafcc9b8000, 0x00007fafccc28000, 0x00007fafdb9b8000]
 total_blobs=444 nmethods=156 adapters=210
 compilation: enabled

Compilation events (10 events):
Event: 372.486 Thread 0x00007fafdc240000  152       3       org.eclipse.jdt.launching.internal.org.objectweb.asm.ByteVector::put12 (64 bytes)
Event: 372.487 Thread 0x00007fafdc240000 nmethod 152 0x00007fafccb17210 code [0x00007fafccb17380, 0x00007fafccb17608]
Event: 372.487 Thread 0x00007fafdc240000  153       3       org.eclipse.jdt.launching.internal.org.objectweb.asm.MethodWriter::visitVarInsn (302 bytes)
Event: 372.488 Thread 0x00007fafdc240000 nmethod 153 0x00007fafccb177d0 code [0x00007fafccb17a00, 0x00007fafccb185a8]
Event: 372.488 Thread 0x00007fafdc240000  154       3       org.eclipse.jdt.launching.internal.org.objectweb.asm.MethodWriter::visitLabel (328 bytes)
Event: 372.489 Thread 0x00007fafdc240000 nmethod 154 0x00007fafccb18950 code [0x00007fafccb18b60, 0x00007fafccb19658]
Event: 372.489 Thread 0x00007fafdc240000  156       1       org.eclipse.jdt.launching.internal.org.objectweb.asm.SymbolTable::getMajorVersion (5 bytes)
Event: 372.489 Thread 0x00007fafdc240000 nmethod 156 0x00007fafccb19a50 code [0x00007fafccb19ba0, 0x00007fafccb19cb0]
Event: 372.489 Thread 0x00007fafdc240000  155       3       org.eclipse.jdt.launching.internal.org.objectweb.asm.Label::accept (65 bytes)
Event: 372.489 Thread 0x00007fafdc240000 nmethod 155 0x00007fafccb19d10 code [0x00007fafccb19ec0, 0x00007fafccb1a428]

GC Heap History (0 events):
No events

Deoptimization events (0 events):
No events

Classes redefined (4 events):
Event: 271.701 Thread 0x00007fafdc143800 redefined class name=Graph, count=1
Event: 271.701 Thread 0x00007fafdc143800 redefined class name=Graph$Stack, count=1
Event: 372.490 Thread 0x00007fafdc143800 redefined class name=Graph, count=2
Event: 372.490 Thread 0x00007fafdc143800 redefined class name=Graph$Stack, count=2

Internal exceptions (6 events):
Event: 0.024 Thread 0x00007fafdc00e000 Exception <a 'java/lang/NoSuchMethodError': Method sun.misc.Unsafe.defineClass(Ljava/lang/String;[BII)Ljava/lang/Class; name or signature does not match> (0x00000000d8187cb0) thrown at [/HUDSON/workspace/8-2-build-linux-amd64/jdk8u181/11358/hotspot/src/sh
Event: 0.024 Thread 0x00007fafdc00e000 Exception <a 'java/lang/NoSuchMethodError': Method sun.misc.Unsafe.prefetchRead(Ljava/lang/Object;J)V name or signature does not match> (0x00000000d8187f98) thrown at [/HUDSON/workspace/8-2-build-linux-amd64/jdk8u181/11358/hotspot/src/share/vm/prims/jni.c
Event: 0.446 Thread 0x00007fafdc00e000 Exception <a 'java/security/PrivilegedActionException'> (0x00000000d8759348) thrown at [/HUDSON/workspace/8-2-build-linux-amd64/jdk8u181/11358/hotspot/src/share/vm/prims/jvm.cpp, line 1435]
Event: 0.446 Thread 0x00007fafdc00e000 Exception <a 'java/security/PrivilegedActionException'> (0x00000000d8759740) thrown at [/HUDSON/workspace/8-2-build-linux-amd64/jdk8u181/11358/hotspot/src/share/vm/prims/jvm.cpp, line 1435]
Event: 0.447 Thread 0x00007fafdc00e000 Exception <a 'java/security/PrivilegedActionException'> (0x00000000d875bd90) thrown at [/HUDSON/workspace/8-2-build-linux-amd64/jdk8u181/11358/hotspot/src/share/vm/prims/jvm.cpp, line 1435]
Event: 0.447 Thread 0x00007fafdc00e000 Exception <a 'java/security/PrivilegedActionException'> (0x00000000d875c188) thrown at [/HUDSON/workspace/8-2-build-linux-amd64/jdk8u181/11358/hotspot/src/share/vm/prims/jvm.cpp, line 1435]

Events (10 events):
Event: 372.513 Executing VM operation: ChangeBreakpoints done
Event: 372.527 Executing VM operation: ChangeBreakpoints
Event: 372.527 Executing VM operation: ChangeBreakpoints done
Event: 372.530 Executing VM operation: EnterInterpOnlyMode
Event: 372.530 Executing VM operation: EnterInterpOnlyMode done
Event: 372.530 Executing VM operation: GetCurrentLocation
Event: 372.530 Executing VM operation: GetCurrentLocation done
Event: 372.530 Executing VM operation: ChangeSingleStep
Event: 372.530 Executing VM operation: ChangeSingleStep done
Event: 372.530 Executing VM operation: GetOrSetLocal


Dynamic libraries:
00400000-00401000 r-xp 00000000 08:06 8665610                            /usr/lib/jvm/java-8-oracle/bin/java
00600000-00601000 rw-p 00000000 08:06 8665610                            /usr/lib/jvm/java-8-oracle/bin/java
00fbb000-00fdc000 rw-p 00000000 00:00 0                                  [heap]
88400000-8d400000 rw-p 00000000 00:00 0 
8d400000-d8180000 ---p 00000000 00:00 0 
d8180000-da980000 rw-p 00000000 00:00 0 
da980000-100000000 ---p 00000000 00:00 0 
100000000-1000a0000 rw-p 00000000 00:00 0 
1000a0000-140000000 ---p 00000000 00:00 0 
7faf7c000000-7faf7c021000 rw-p 00000000 00:00 0 
7faf7c021000-7faf80000000 ---p 00000000 00:00 0 
7faf84000000-7faf8411c000 rw-p 00000000 00:00 0 
7faf8411c000-7faf88000000 ---p 00000000 00:00 0 
7faf88000000-7faf88021000 rw-p 00000000 00:00 0 
7faf88021000-7faf8c000000 ---p 00000000 00:00 0 
7faf8c000000-7faf8c15f000 rw-p 00000000 00:00 0 
7faf8c15f000-7faf90000000 ---p 00000000 00:00 0 
7faf90000000-7faf9013a000 rw-p 00000000 00:00 0 
7faf9013a000-7faf94000000 ---p 00000000 00:00 0 
7faf94000000-7faf94021000 rw-p 00000000 00:00 0 
7faf94021000-7faf98000000 ---p 00000000 00:00 0 
7faf98000000-7faf98021000 rw-p 00000000 00:00 0 
7faf98021000-7faf9c000000 ---p 00000000 00:00 0 
7faf9c000000-7faf9c021000 rw-p 00000000 00:00 0 
7faf9c021000-7fafa0000000 ---p 00000000 00:00 0 
7fafa0000000-7fafa0021000 rw-p 00000000 00:00 0 
7fafa0021000-7fafa4000000 ---p 00000000 00:00 0 
7fafa4000000-7fafa4021000 rw-p 00000000 00:00 0 
7fafa4021000-7fafa8000000 ---p 00000000 00:00 0 
7fafa8000000-7fafa8021000 rw-p 00000000 00:00 0 
7fafa8021000-7fafac000000 ---p 00000000 00:00 0 
7fafac000000-7fafac021000 rw-p 00000000 00:00 0 
7fafac021000-7fafb0000000 ---p 00000000 00:00 0 
7fafb0000000-7fafb0021000 rw-p 00000000 00:00 0 
7fafb0021000-7fafb4000000 ---p 00000000 00:00 0 
7fafb4000000-7fafb4021000 rw-p 00000000 00:00 0 
7fafb4021000-7fafb8000000 ---p 00000000 00:00 0 
7fafbc000000-7fafbc021000 rw-p 00000000 00:00 0 
7fafbc021000-7fafc0000000 ---p 00000000 00:00 0 
7fafc12be000-7fafc1549000 rw-p 00000000 00:00 0 
7fafc1549000-7fafc154a000 ---p 00000000 00:00 0 
7fafc154a000-7fafc164a000 rw-p 00000000 00:00 0 
7fafc164a000-7fafc164d000 ---p 00000000 00:00 0 
7fafc164d000-7fafc174b000 rw-p 00000000 00:00 0 
7fafc174b000-7fafc174c000 ---p 00000000 00:00 0 
7fafc174c000-7fafc174f000 ---p 00000000 00:00 0 
7fafc174f000-7fafc184c000 rw-p 00000000 00:00 0 
7fafc184c000-7fafc184d000 ---p 00000000 00:00 0 
7fafc184d000-7fafc1850000 ---p 00000000 00:00 0 
7fafc1850000-7fafc194d000 rw-p 00000000 00:00 0 
7fafc194d000-7fafc194e000 ---p 00000000 00:00 0 
7fafc194e000-7fafc1951000 ---p 00000000 00:00 0 
7fafc1951000-7fafc1a4e000 rw-p 00000000 00:00 0 
7fafc1a4e000-7fafc1a51000 ---p 00000000 00:00 0 
7fafc1a51000-7fafc1b4f000 rw-p 00000000 00:00 0 
7fafc1b4f000-7fafc1b52000 ---p 00000000 00:00 0 
7fafc1b52000-7fafc1c50000 rw-p 00000000 00:00 0 
7fafc1c50000-7fafc1c53000 ---p 00000000 00:00 0 
7fafc1c53000-7fafc1d51000 rw-p 00000000 00:00 0 
7fafc1d51000-7fafc1d55000 r-xp 00000000 08:06 792298                     /usr/lib/jvm/java-8-oracle/jre/lib/amd64/libdt_socket.so
7fafc1d55000-7fafc1f54000 ---p 00004000 08:06 792298                     /usr/lib/jvm/java-8-oracle/jre/lib/amd64/libdt_socket.so
7fafc1f54000-7fafc1f55000 rw-p 00003000 08:06 792298                     /usr/lib/jvm/java-8-oracle/jre/lib/amd64/libdt_socket.so
7fafc1f55000-7fafc1f58000 ---p 00000000 00:00 0 
7fafc1f58000-7fafc2056000 rw-p 00000000 00:00 0 
7fafc2056000-7fafc2059000 ---p 00000000 00:00 0 
7fafc2059000-7fafc2157000 rw-p 00000000 00:00 0 
7fafc2157000-7fafc215a000 ---p 00000000 00:00 0 
7fafc215a000-7fafc2258000 rw-p 00000000 00:00 0 
7fafc2258000-7fafc2259000 ---p 00000000 00:00 0 
7fafc2259000-7fafc3268000 rw-p 00000000 00:00 0 
7fafc3268000-7fafc3442000 r--s 03d6b000 08:06 792269                     /usr/lib/jvm/java-8-oracle/jre/lib/rt.jar
7fafc3442000-7fafc3942000 rw-p 00000000 00:00 0 
7fafc3942000-7fafc3c42000 ---p 00000000 00:00 0 
7fafc3c42000-7fafc4000000 rw-p 00000000 00:00 0 
7fafc4000000-7fafc4021000 rw-p 00000000 00:00 0 
7fafc4021000-7fafc8000000 ---p 00000000 00:00 0 
7fafc8061000-7fafcbcb7000 rw-p 00000000 00:00 0 
7fafcbcb7000-7fafcbcb8000 ---p 00000000 00:00 0 
7fafcbcb8000-7fafcbdb8000 rw-p 00000000 00:00 0 
7fafcbdb8000-7fafcbdb9000 ---p 00000000 00:00 0 
7fafcbdb9000-7fafcbeb9000 rw-p 00000000 00:00 0 
7fafcbeb9000-7fafcbeba000 ---p 00000000 00:00 0 
7fafcbeba000-7fafcbfe2000 rw-p 00000000 00:00 0 
7fafcbfe2000-7fafcc239000 ---p 00000000 00:00 0 
7fafcc239000-7fafcc261000 rw-p 00000000 00:00 0 
7fafcc261000-7fafcc4b7000 ---p 00000000 00:00 0 
7fafcc4b7000-7fafcc4cc000 rw-p 00000000 00:00 0 
7fafcc4cc000-7fafcc5f7000 ---p 00000000 00:00 0 
7fafcc5f7000-7fafcc602000 rw-p 00000000 00:00 0 
7fafcc602000-7fafcc9b8000 ---p 00000000 00:00 0 
7fafcc9b8000-7fafccc28000 rwxp 00000000 00:00 0 
7fafccc28000-7fafdb9b8000 ---p 00000000 00:00 0 
7fafdb9b8000-7fafdb9d3000 r-xp 00000000 08:06 792325                     /usr/lib/jvm/java-8-oracle/jre/lib/amd64/libzip.so
7fafdb9d3000-7fafdbbd3000 ---p 0001b000 08:06 792325                     /usr/lib/jvm/java-8-oracle/jre/lib/amd64/libzip.so
7fafdbbd3000-7fafdbbd4000 rw-p 0001b000 08:06 792325                     /usr/lib/jvm/java-8-oracle/jre/lib/amd64/libzip.so
7fafdbbd4000-7fafdbbdf000 r-xp 00000000 08:06 3937056                    /lib/x86_64-linux-gnu/libnss_files-2.27.so
7fafdbbdf000-7fafdbdde000 ---p 0000b000 08:06 3937056                    /lib/x86_64-linux-gnu/libnss_files-2.27.so
7fafdbdde000-7fafdbddf000 r--p 0000a000 08:06 3937056                    /lib/x86_64-linux-gnu/libnss_files-2.27.so
7fafdbddf000-7fafdbde0000 rw-p 0000b000 08:06 3937056                    /lib/x86_64-linux-gnu/libnss_files-2.27.so
7fafdbde0000-7fafdbde6000 rw-p 00000000 00:00 0 
7fafdbde6000-7fafdbdfd000 r-xp 00000000 08:06 3937050                    /lib/x86_64-linux-gnu/libnsl-2.27.so
7fafdbdfd000-7fafdbffc000 ---p 00017000 08:06 3937050                    /lib/x86_64-linux-gnu/libnsl-2.27.so
7fafdbffc000-7fafdbffd000 r--p 00016000 08:06 3937050                    /lib/x86_64-linux-gnu/libnsl-2.27.so
7fafdbffd000-7fafdbffe000 rw-p 00017000 08:06 3937050                    /lib/x86_64-linux-gnu/libnsl-2.27.so
7fafdbffe000-7fafdc000000 rw-p 00000000 00:00 0 
7fafdc000000-7fafdc343000 rw-p 00000000 00:00 0 
7fafdc343000-7fafe0000000 ---p 00000000 00:00 0 
7fafe0058000-7fafe006b000 r--s 00345000 08:06 792273                     /usr/lib/jvm/java-8-oracle/jre/lib/resources.jar
7fafe006b000-7fafe006c000 ---p 00000000 00:00 0 
7fafe006c000-7fafe016c000 rw-p 00000000 00:00 0 
7fafe016c000-7fafe0177000 r-xp 00000000 08:06 3937067                    /lib/x86_64-linux-gnu/libnss_nis-2.27.so
7fafe0177000-7fafe0376000 ---p 0000b000 08:06 3937067                    /lib/x86_64-linux-gnu/libnss_nis-2.27.so
7fafe0376000-7fafe0377000 r--p 0000a000 08:06 3937067                    /lib/x86_64-linux-gnu/libnss_nis-2.27.so
7fafe0377000-7fafe0378000 rw-p 0000b000 08:06 3937067                    /lib/x86_64-linux-gnu/libnss_nis-2.27.so
7fafe0378000-7fafe0380000 r-xp 00000000 08:06 3937052                    /lib/x86_64-linux-gnu/libnss_compat-2.27.so
7fafe0380000-7fafe0580000 ---p 00008000 08:06 3937052                    /lib/x86_64-linux-gnu/libnss_compat-2.27.so
7fafe0580000-7fafe0581000 r--p 00008000 08:06 3937052                    /lib/x86_64-linux-gnu/libnss_compat-2.27.so
7fafe0581000-7fafe0582000 rw-p 00009000 08:06 3937052                    /lib/x86_64-linux-gnu/libnss_compat-2.27.so
7fafe0582000-7fafe058c000 r-xp 00000000 08:06 792334                     /usr/lib/jvm/java-8-oracle/jre/lib/amd64/libinstrument.so
7fafe058c000-7fafe078b000 ---p 0000a000 08:06 792334                     /usr/lib/jvm/java-8-oracle/jre/lib/amd64/libinstrument.so
7fafe078b000-7fafe078c000 rw-p 00009000 08:06 792334                     /usr/lib/jvm/java-8-oracle/jre/lib/amd64/libinstrument.so
7fafe078c000-7fafe115b000 r--p 00000000 08:06 8657581                    /usr/lib/locale/locale-archive
7fafe115b000-7fafe115d000 r-xp 00000000 08:06 792300                     /usr/lib/jvm/java-8-oracle/jre/lib/amd64/libnpt.so
7fafe115d000-7fafe135d000 ---p 00002000 08:06 792300                     /usr/lib/jvm/java-8-oracle/jre/lib/amd64/libnpt.so
7fafe135d000-7fafe135e000 rw-p 00002000 08:06 792300                     /usr/lib/jvm/java-8-oracle/jre/lib/amd64/libnpt.so
7fafe135e000-7fafe1398000 r-xp 00000000 08:06 792312                     /usr/lib/jvm/java-8-oracle/jre/lib/amd64/libjdwp.so
7fafe1398000-7fafe1597000 ---p 0003a000 08:06 792312                     /usr/lib/jvm/java-8-oracle/jre/lib/amd64/libjdwp.so
7fafe1597000-7fafe1598000 rw-p 00039000 08:06 792312                     /usr/lib/jvm/java-8-oracle/jre/lib/amd64/libjdwp.so
7fafe1598000-7fafe1599000 rw-p 00000000 00:00 0 
7fafe1599000-7fafe15c4000 r-xp 00000000 08:06 792319                     /usr/lib/jvm/java-8-oracle/jre/lib/amd64/libjava.so
7fafe15c4000-7fafe17c3000 ---p 0002b000 08:06 792319                     /usr/lib/jvm/java-8-oracle/jre/lib/amd64/libjava.so
7fafe17c3000-7fafe17c5000 rw-p 0002a000 08:06 792319                     /usr/lib/jvm/java-8-oracle/jre/lib/amd64/libjava.so
7fafe17c5000-7fafe17d2000 r-xp 00000000 08:06 792324                     /usr/lib/jvm/java-8-oracle/jre/lib/amd64/libverify.so
7fafe17d2000-7fafe19d2000 ---p 0000d000 08:06 792324                     /usr/lib/jvm/java-8-oracle/jre/lib/amd64/libverify.so
7fafe19d2000-7fafe19d4000 rw-p 0000d000 08:06 792324                     /usr/lib/jvm/java-8-oracle/jre/lib/amd64/libverify.so
7fafe19d4000-7fafe19db000 r-xp 00000000 08:06 3937107                    /lib/x86_64-linux-gnu/librt-2.27.so
7fafe19db000-7fafe1bda000 ---p 00007000 08:06 3937107                    /lib/x86_64-linux-gnu/librt-2.27.so
7fafe1bda000-7fafe1bdb000 r--p 00006000 08:06 3937107                    /lib/x86_64-linux-gnu/librt-2.27.so
7fafe1bdb000-7fafe1bdc000 rw-p 00007000 08:06 3937107                    /lib/x86_64-linux-gnu/librt-2.27.so
7fafe1bdc000-7fafe1d79000 r-xp 00000000 08:06 3937029                    /lib/x86_64-linux-gnu/libm-2.27.so
7fafe1d79000-7fafe1f78000 ---p 0019d000 08:06 3937029                    /lib/x86_64-linux-gnu/libm-2.27.so
7fafe1f78000-7fafe1f79000 r--p 0019c000 08:06 3937029                    /lib/x86_64-linux-gnu/libm-2.27.so
7fafe1f79000-7fafe1f7a000 rw-p 0019d000 08:06 3937029                    /lib/x86_64-linux-gnu/libm-2.27.so
7fafe1f7a000-7fafe2c56000 r-xp 00000000 08:06 1058373                    /usr/lib/jvm/java-8-oracle/jre/lib/amd64/server/libjvm.so
7fafe2c56000-7fafe2e56000 ---p 00cdc000 08:06 1058373                    /usr/lib/jvm/java-8-oracle/jre/lib/amd64/server/libjvm.so
7fafe2e56000-7fafe2f30000 rw-p 00cdc000 08:06 1058373                    /usr/lib/jvm/java-8-oracle/jre/lib/amd64/server/libjvm.so
7fafe2f30000-7fafe2f7b000 rw-p 00000000 00:00 0 
7fafe2f7b000-7fafe3162000 r-xp 00000000 08:06 3936966                    /lib/x86_64-linux-gnu/libc-2.27.so
7fafe3162000-7fafe3362000 ---p 001e7000 08:06 3936966                    /lib/x86_64-linux-gnu/libc-2.27.so
7fafe3362000-7fafe3366000 r--p 001e7000 08:06 3936966                    /lib/x86_64-linux-gnu/libc-2.27.so
7fafe3366000-7fafe3368000 rw-p 001eb000 08:06 3936966                    /lib/x86_64-linux-gnu/libc-2.27.so
7fafe3368000-7fafe336c000 rw-p 00000000 00:00 0 
7fafe336c000-7fafe336f000 r-xp 00000000 08:06 3936989                    /lib/x86_64-linux-gnu/libdl-2.27.so
7fafe336f000-7fafe356e000 ---p 00003000 08:06 3936989                    /lib/x86_64-linux-gnu/libdl-2.27.so
7fafe356e000-7fafe356f000 r--p 00002000 08:06 3936989                    /lib/x86_64-linux-gnu/libdl-2.27.so
7fafe356f000-7fafe3570000 rw-p 00003000 08:06 3936989                    /lib/x86_64-linux-gnu/libdl-2.27.so
7fafe3570000-7fafe3586000 r-xp 00000000 08:06 8920971                    /usr/lib/jvm/java-8-oracle/lib/amd64/jli/libjli.so
7fafe3586000-7fafe3785000 ---p 00016000 08:06 8920971                    /usr/lib/jvm/java-8-oracle/lib/amd64/jli/libjli.so
7fafe3785000-7fafe3786000 rw-p 00015000 08:06 8920971                    /usr/lib/jvm/java-8-oracle/lib/amd64/jli/libjli.so
7fafe3786000-7fafe37a0000 r-xp 00000000 08:06 3937099                    /lib/x86_64-linux-gnu/libpthread-2.27.so
7fafe37a0000-7fafe399f000 ---p 0001a000 08:06 3937099                    /lib/x86_64-linux-gnu/libpthread-2.27.so
7fafe399f000-7fafe39a0000 r--p 00019000 08:06 3937099                    /lib/x86_64-linux-gnu/libpthread-2.27.so
7fafe39a0000-7fafe39a1000 rw-p 0001a000 08:06 3937099                    /lib/x86_64-linux-gnu/libpthread-2.27.so
7fafe39a1000-7fafe39a5000 rw-p 00000000 00:00 0 
7fafe39a5000-7fafe39cc000 r-xp 00000000 08:06 3936938                    /lib/x86_64-linux-gnu/ld-2.27.so
7fafe39da000-7fafe3aaa000 rw-p 00000000 00:00 0 
7fafe3aaa000-7fafe3aab000 ---p 00000000 00:00 0 
7fafe3aab000-7fafe3aae000 ---p 00000000 00:00 0 
7fafe3aae000-7fafe3baf000 rw-p 00000000 00:00 0 
7fafe3bb7000-7fafe3bba000 r--s 0001a000 08:06 792345                     /usr/lib/jvm/java-8-oracle/jre/lib/jce.jar
7fafe3bba000-7fafe3bbf000 r--s 0009d000 08:06 792274                     /usr/lib/jvm/java-8-oracle/jre/lib/jsse.jar
7fafe3bbf000-7fafe3bc2000 r--s 0001e000 08:06 5508055                    /home/arta/eclipse/java-2018-09/eclipse/configuration/org.eclipse.osgi/232/0/.cp/lib/javaagent-shaded.jar
7fafe3bc2000-7fafe3bca000 rw-s 00000000 08:06 398115                     /tmp/hsperfdata_arta/13915
7fafe3bca000-7fafe3bcb000 rw-p 00000000 00:00 0 
7fafe3bcb000-7fafe3bcc000 ---p 00000000 00:00 0 
7fafe3bcc000-7fafe3bcd000 r--p 00027000 08:06 3936938                    /lib/x86_64-linux-gnu/ld-2.27.so
7fafe3bcd000-7fafe3bce000 rw-p 00028000 08:06 3936938                    /lib/x86_64-linux-gnu/ld-2.27.so
7fafe3bce000-7fafe3bcf000 rw-p 00000000 00:00 0 
7ffcee337000-7ffcee358000 rw-p 00000000 00:00 0                          [stack]
7ffcee3af000-7ffcee3b2000 r--p 00000000 00:00 0                          [vvar]
7ffcee3b2000-7ffcee3b4000 r-xp 00000000 00:00 0                          [vdso]
ffffffffff600000-ffffffffff601000 r-xp 00000000 00:00 0                  [vsyscall]

VM Arguments:
jvm_args: -agentlib:jdwp=transport=dt_socket,suspend=y,address=localhost:34907 -javaagent:/home/arta/eclipse/java-2018-09/eclipse/configuration/org.eclipse.osgi/232/0/.cp/lib/javaagent-shaded.jar -Dfile.encoding=UTF-8 
java_command: Main
java_class_path (initial): /home/arta/Documents/GitHub/Data-Structures/Lab 2/bin:/home/arta/eclipse/java-2018-09/eclipse/configuration/org.eclipse.osgi/232/0/.cp/lib/javaagent-shaded.jar
Launcher Type: SUN_STANDARD

Environment Variables:
JAVA_HOME=/usr/lib/jvm/java-8-oracle
PATH=/usr/local/sbin:/usr/local/bin:/usr/sbin:/usr/bin:/sbin:/bin:/usr/games:/usr/local/games:/snap/bin:/usr/lib/jvm/java-8-oracle/bin:/usr/lib/jvm/java-8-oracle/db/bin:/usr/lib/jvm/java-8-oracle/jre/bin
USERNAME=arta
SHELL=/bin/bash
DISPLAY=:0

Signal Handlers:
SIGSEGV: [libjvm.so+0xad2a40], sa_mask[0]=11111111011111111101111111111110, sa_flags=SA_RESTART|SA_SIGINFO
SIGBUS: [libjvm.so+0xad2a40], sa_mask[0]=11111111011111111101111111111110, sa_flags=SA_RESTART|SA_SIGINFO
SIGFPE: [libjvm.so+0x92a610], sa_mask[0]=11111111011111111101111111111110, sa_flags=SA_RESTART|SA_SIGINFO
SIGPIPE: [libjvm.so+0x92a610], sa_mask[0]=11111111011111111101111111111110, sa_flags=SA_RESTART|SA_SIGINFO
SIGXFSZ: [libjvm.so+0x92a610], sa_mask[0]=11111111011111111101111111111110, sa_flags=SA_RESTART|SA_SIGINFO
SIGILL: [libjvm.so+0x92a610], sa_mask[0]=11111111011111111101111111111110, sa_flags=SA_RESTART|SA_SIGINFO
SIGUSR1: SIG_DFL, sa_mask[0]=00000000000000000000000000000000, sa_flags=none
SIGUSR2: [libjvm.so+0x92be70], sa_mask[0]=00100000000000000000000000000000, sa_flags=SA_RESTART|SA_SIGINFO
SIGHUP: [libjvm.so+0x92d270], sa_mask[0]=11111111011111111101111111111110, sa_flags=SA_RESTART|SA_SIGINFO
SIGINT: [libjvm.so+0x92d270], sa_mask[0]=11111111011111111101111111111110, sa_flags=SA_RESTART|SA_SIGINFO
SIGTERM: [libjvm.so+0x92d270], sa_mask[0]=11111111011111111101111111111110, sa_flags=SA_RESTART|SA_SIGINFO
SIGQUIT: [libjvm.so+0x92d270], sa_mask[0]=11111111011111111101111111111110, sa_flags=SA_RESTART|SA_SIGINFO


---------------  S Y S T E M  ---------------

OS:DISTRIB_ID=Ubuntu
DISTRIB_RELEASE=18.04
DISTRIB_CODENAME=bionic
DISTRIB_DESCRIPTION="Ubuntu 18.04.1 LTS"

uname:Linux 4.15.0-36-generic #39-Ubuntu SMP Mon Sep 24 16:19:09 UTC 2018 x86_64
libc:glibc 2.27 NPTL 2.27 
rlimit: STACK 8192k, CORE 0k, NPROC 30403, NOFILE 1048576, AS infinity
load average:0.48 0.89 1.00

/proc/meminfo:
MemTotal:        7843732 kB
MemFree:          435516 kB
MemAvailable:    2822352 kB
Buffers:          298404 kB
Cached:          2658780 kB
SwapCached:            0 kB
Active:          5299996 kB
Inactive:        1647424 kB
Active(anon):    3998572 kB
Inactive(anon):   471772 kB
Active(file):    1301424 kB
Inactive(file):  1175652 kB
Unevictable:        1560 kB
Mlocked:            1560 kB
SwapTotal:       2097148 kB
SwapFree:        2097148 kB
Dirty:               280 kB
Writeback:             8 kB
AnonPages:       3991824 kB
Mapped:           838084 kB
Shmem:            480112 kB
Slab:             280480 kB
SReclaimable:     213468 kB
SUnreclaim:        67012 kB
KernelStack:       17280 kB
PageTables:        81904 kB
NFS_Unstable:          0 kB
Bounce:                0 kB
WritebackTmp:          0 kB
CommitLimit:     6019012 kB
Committed_AS:   22017892 kB
VmallocTotal:   34359738367 kB
VmallocUsed:           0 kB
VmallocChunk:          0 kB
HardwareCorrupted:     0 kB
AnonHugePages:         0 kB
ShmemHugePages:        0 kB
ShmemPmdMapped:        0 kB
CmaTotal:              0 kB
CmaFree:               0 kB
HugePages_Total:       0
HugePages_Free:        0
HugePages_Rsvd:        0
HugePages_Surp:        0
Hugepagesize:       2048 kB
DirectMap4k:      273960 kB
DirectMap2M:     7786496 kB


CPU:total 4 (initial active 4) (2 cores per cpu, 2 threads per core) family 6 model 58 stepping 9, cmov, cx8, fxsr, mmx, sse, sse2, sse3, ssse3, sse4.1, sse4.2, popcnt, avx, aes, clmul, erms, ht, tsc, tscinvbit, tscinv

/proc/cpuinfo:
processor	: 0
vendor_id	: GenuineIntel
cpu family	: 6
model		: 58
model name	: Intel(R) Core(TM) i5-3320M CPU @ 2.60GHz
stepping	: 9
microcode	: 0x20
cpu MHz		: 3092.763
cache size	: 3072 KB
physical id	: 0
siblings	: 4
core id		: 0
cpu cores	: 2
apicid		: 0
initial apicid	: 0
fpu		: yes
fpu_exception	: yes
cpuid level	: 13
wp		: yes
flags		: fpu vme de pse tsc msr pae mce cx8 apic sep mtrr pge mca cmov pat pse36 clflush dts acpi mmx fxsr sse sse2 ss ht tm pbe syscall nx rdtscp lm constant_tsc arch_perfmon pebs bts rep_good nopl xtopology nonstop_tsc cpuid aperfmperf pni pclmulqdq dtes64 monitor ds_cpl vmx smx est tm2 ssse3 cx16 xtpr pdcm pcid sse4_1 sse4_2 x2apic popcnt tsc_deadline_timer aes xsave avx f16c rdrand lahf_lm cpuid_fault epb pti ssbd ibrs ibpb stibp tpr_shadow vnmi flexpriority ept vpid fsgsbase smep erms xsaveopt dtherm ida arat pln pts flush_l1d
bugs		: cpu_meltdown spectre_v1 spectre_v2 spec_store_bypass l1tf
bogomips	: 5187.86
clflush size	: 64
cache_alignment	: 64
address sizes	: 36 bits physical, 48 bits virtual
power management:

processor	: 1
vendor_id	: GenuineIntel
cpu family	: 6
model		: 58
model name	: Intel(R) Core(TM) i5-3320M CPU @ 2.60GHz
stepping	: 9
microcode	: 0x20
cpu MHz		: 3092.766
cache size	: 3072 KB
physical id	: 0
siblings	: 4
core id		: 0
cpu cores	: 2
apicid		: 1
initial apicid	: 1
fpu		: yes
fpu_exception	: yes
cpuid level	: 13
wp		: yes
flags		: fpu vme de pse tsc msr pae mce cx8 apic sep mtrr pge mca cmov pat pse36 clflush dts acpi mmx fxsr sse sse2 ss ht tm pbe syscall nx rdtscp lm constant_tsc arch_perfmon pebs bts rep_good nopl xtopology nonstop_tsc cpuid aperfmperf pni pclmulqdq dtes64 monitor ds_cpl vmx smx est tm2 ssse3 cx16 xtpr pdcm pcid sse4_1 sse4_2 x2apic popcnt tsc_deadline_timer aes xsave avx f16c rdrand lahf_lm cpuid_fault epb pti ssbd ibrs ibpb stibp tpr_shadow vnmi flexpriority ept vpid fsgsbase smep erms xsaveopt dtherm ida arat pln pts flush_l1d
bugs		: cpu_meltdown spectre_v1 spectre_v2 spec_store_bypass l1tf
bogomips	: 5187.86
clflush size	: 64
cache_alignment	: 64
address sizes	: 36 bits physical, 48 bits virtual
power management:

processor	: 2
vendor_id	: GenuineIntel
cpu family	: 6
model		: 58
model name	: Intel(R) Core(TM) i5-3320M CPU @ 2.60GHz
stepping	: 9
microcode	: 0x20
cpu MHz		: 3092.764
cache size	: 3072 KB
physical id	: 0
siblings	: 4
core id		: 1
cpu cores	: 2
apicid		: 2
initial apicid	: 2
fpu		: yes
fpu_exception	: yes
cpuid level	: 13
wp		: yes
flags		: fpu vme de pse tsc msr pae mce cx8 apic sep mtrr pge mca cmov pat pse36 clflush dts acpi mmx fxsr sse sse2 ss ht tm pbe syscall nx rdtscp lm constant_tsc arch_perfmon pebs bts rep_good nopl xtopology nonstop_tsc cpuid aperfmperf pni pclmulqdq dtes64 monitor ds_cpl vmx smx est tm2 ssse3 cx16 xtpr pdcm pcid sse4_1 sse4_2 x2apic popcnt tsc_deadline_timer aes xsave avx f16c rdrand lahf_lm cpuid_fault epb pti ssbd ibrs ibpb stibp tpr_shadow vnmi flexpriority ept vpid fsgsbase smep erms xsaveopt dtherm ida arat pln pts flush_l1d
bugs		: cpu_meltdown spectre_v1 spectre_v2 spec_store_bypass l1tf
bogomips	: 5187.86
clflush size	: 64
cache_alignment	: 64
address sizes	: 36 bits physical, 48 bits virtual
power management:

processor	: 3
vendor_id	: GenuineIntel
cpu family	: 6
model		: 58
model name	: Intel(R) Core(TM) i5-3320M CPU @ 2.60GHz
stepping	: 9
microcode	: 0x20
cpu MHz		: 3092.766
cache size	: 3072 KB
physical id	: 0
siblings	: 4
core id		: 1
cpu cores	: 2
apicid		: 3
initial apicid	: 3
fpu		: yes
fpu_exception	: yes
cpuid level	: 13
wp		: yes
flags		: fpu vme de pse tsc msr pae mce cx8 apic sep mtrr pge mca cmov pat pse36 clflush dts acpi mmx fxsr sse sse2 ss ht tm pbe syscall nx rdtscp lm constant_tsc arch_perfmon pebs bts rep_good nopl xtopology nonstop_tsc cpuid aperfmperf pni pclmulqdq dtes64 monitor ds_cpl vmx smx est tm2 ssse3 cx16 xtpr pdcm pcid sse4_1 sse4_2 x2apic popcnt tsc_deadline_timer aes xsave avx f16c rdrand lahf_lm cpuid_fault epb pti ssbd ibrs ibpb stibp tpr_shadow vnmi flexpriority ept vpid fsgsbase smep erms xsaveopt dtherm ida arat pln pts flush_l1d
bugs		: cpu_meltdown spectre_v1 spectre_v2 spec_store_bypass l1tf
bogomips	: 5187.86
clflush size	: 64
cache_alignment	: 64
address sizes	: 36 bits physical, 48 bits virtual
power management:



Memory: 4k page, physical 7843732k(434356k free), swap 2097148k(2097148k free)

vm_info: Java HotSpot(TM) 64-Bit Server VM (25.181-b13) for linux-amd64 JRE (1.8.0_181-b13), built on Jul  7 2018 00:56:38 by "java_re" with gcc 4.3.0 20080428 (Red Hat 4.3.0-8)

time: Sun Oct 21 21:58:52 2018
elapsed time: 372 seconds (0d 0h 6m 12s)

